--------------NV.ENWF.2017-----------------
0 | 	master PID 60299
0 | 	PID 60544
0 | 	loaded model (PNW) to GPU:0
0 | 	total 30 days of data
0 | 	2017.152.NV.ENWF 	| Finish, found 73 picks 	 | 10.601 sec
0 | 	2017.153.NV.ENWF 	| Finish, found 26 picks 	 | 11.547 sec
0 | 	2017.154.NV.ENWF 	| Finish, found 29 picks 	 | 8.497 sec
0 | 	2017.155.NV.ENWF 	| Finish, found 79 picks 	 | 8.397 sec
0 | 	2017.156.NV.ENWF 	| Finish, found 12 picks 	 | 7.767 sec
0 | 	2017.157.NV.ENWF 	| Error
0 | 	2017.158.NV.ENWF 	| Error
0 | 	2017.159.NV.ENWF 	| Error
0 | 	2017.160.NV.ENWF 	| Error
0 | 	2017.161.NV.ENWF 	| Finish, found 54 picks 	 | 11.353 sec
0 | 	2017.162.NV.ENWF 	| Finish, found 43 picks 	 | 10.279 sec
0 | 	2017.163.NV.ENWF 	| Error
0 | 	2017.164.NV.ENWF 	| Error
0 | 	2017.165.NV.ENWF 	| Error
0 | 	2017.166.NV.ENWF 	| Error
0 | 	2017.167.NV.ENWF 	| Error
0 | 	2017.168.NV.ENWF 	| Skip: too many gaps
0 | 	2017.169.NV.ENWF 	| Finish, found 32 picks 	 | 9.431 sec
0 | 	2017.170.NV.ENWF 	| Error
0 | 	2017.171.NV.ENWF 	| Finish, found 0 picks 	 | 2.246 sec
0 | 	2017.172.NV.ENWF 	| Error
0 | 	2017.173.NV.ENWF 	| Error
0 | 	2017.174.NV.ENWF 	| Error
0 | 	2017.175.NV.ENWF 	| Skip: too many gaps
0 | 	2017.176.NV.ENWF 	| Finish, found 43 picks 	 | 9.213 sec
0 | 	2017.177.NV.ENWF 	| Error
0 | 	2017.178.NV.ENWF 	| Error
0 | 	2017.179.NV.ENWF 	| Finish, found 54 picks 	 | 10.362 sec
0 | 	2017.180.NV.ENWF 	| Error
0 | 	2017.181.NV.ENWF 	| Error
--------------NV.ENWF.2017-----------------
