--------------NV.KEMF.2017-----------------
1 | 	master PID 60300
1 | 	PID 60547
1 | 	loaded model (PNW) to GPU:1
1 | 	total 29 days of data
1 | 	2017.152.NV.KEMF 	| Finish, found 18 picks 	 | 10.724 sec
1 | 	2017.153.NV.KEMF 	| Finish, found 5 picks 	 | 10.379 sec
1 | 	2017.154.NV.KEMF 	| Finish, found 4 picks 	 | 9.345 sec
1 | 	2017.155.NV.KEMF 	| Finish, found 17 picks 	 | 12.301 sec
1 | 	2017.156.NV.KEMF 	| Finish, found 0 picks 	 | 8.486 sec
1 | 	2017.157.NV.KEMF 	| Error
1 | 	2017.158.NV.KEMF 	| Error
1 | 	2017.159.NV.KEMF 	| Error
1 | 	2017.160.NV.KEMF 	| Error
1 | 	2017.161.NV.KEMF 	| Finish, found 38 picks 	 | 7.500 sec
1 | 	2017.162.NV.KEMF 	| Finish, found 9 picks 	 | 9.053 sec
1 | 	2017.163.NV.KEMF 	| Error
1 | 	2017.164.NV.KEMF 	| Error
1 | 	2017.165.NV.KEMF 	| Error
1 | 	2017.166.NV.KEMF 	| Error
1 | 	2017.167.NV.KEMF 	| Error
1 | 	2017.168.NV.KEMF 	| Error
1 | 	2017.169.NV.KEMF 	| Finish, found 5 picks 	 | 12.335 sec
1 | 	2017.170.NV.KEMF 	| Finish, found 0 picks 	 | 6.736 sec
1 | 	2017.172.NV.KEMF 	| Finish, found 4 picks 	 | 9.003 sec
1 | 	2017.173.NV.KEMF 	| Error
1 | 	2017.174.NV.KEMF 	| Error
1 | 	2017.175.NV.KEMF 	| Skip: too many gaps
1 | 	2017.176.NV.KEMF 	| Finish, found 15 picks 	 | 9.069 sec
1 | 	2017.177.NV.KEMF 	| Error
1 | 	2017.178.NV.KEMF 	| Error
1 | 	2017.179.NV.KEMF 	| Finish, found 7 picks 	 | 11.260 sec
1 | 	2017.180.NV.KEMF 	| Error
1 | 	2017.181.NV.KEMF 	| Finish, found 7 picks 	 | 17.300 sec
--------------NV.KEMF.2017-----------------
