--------------NV.NCHR.2017-----------------
3 | 	master PID 60302
3 | 	PID 60546
3 | 	loaded model (PNW) to GPU:3
3 | 	total 30 days of data
3 | 	2017.152.NV.NCHR 	| Finish, found 66 picks 	 | 10.526 sec
3 | 	2017.153.NV.NCHR 	| Finish, found 42 picks 	 | 7.384 sec
3 | 	2017.154.NV.NCHR 	| Finish, found 12 picks 	 | 14.797 sec
3 | 	2017.155.NV.NCHR 	| Finish, found 28 picks 	 | 10.309 sec
3 | 	2017.156.NV.NCHR 	| Finish, found 7 picks 	 | 8.382 sec
3 | 	2017.157.NV.NCHR 	| Error
3 | 	2017.158.NV.NCHR 	| Error
3 | 	2017.159.NV.NCHR 	| Error
3 | 	2017.160.NV.NCHR 	| Error
3 | 	2017.161.NV.NCHR 	| Finish, found 75 picks 	 | 7.407 sec
3 | 	2017.162.NV.NCHR 	| Finish, found 24 picks 	 | 11.806 sec
3 | 	2017.163.NV.NCHR 	| Error
3 | 	2017.164.NV.NCHR 	| Error
3 | 	2017.165.NV.NCHR 	| Error
3 | 	2017.166.NV.NCHR 	| Error
3 | 	2017.167.NV.NCHR 	| Error
3 | 	2017.168.NV.NCHR 	| Error
3 | 	2017.169.NV.NCHR 	| Finish, found 14 picks 	 | 7.192 sec
3 | 	2017.170.NV.NCHR 	| Error
3 | 	2017.171.NV.NCHR 	| Finish, found 0 picks 	 | 1.608 sec
3 | 	2017.172.NV.NCHR 	| Error
3 | 	2017.173.NV.NCHR 	| Error
3 | 	2017.174.NV.NCHR 	| Error
3 | 	2017.175.NV.NCHR 	| Skip: too many gaps
3 | 	2017.176.NV.NCHR 	| Finish, found 50 picks 	 | 11.237 sec
3 | 	2017.177.NV.NCHR 	| Error
3 | 	2017.178.NV.NCHR 	| Error
3 | 	2017.179.NV.NCHR 	| Finish, found 94 picks 	 | 12.750 sec
3 | 	2017.180.NV.NCHR 	| Error
3 | 	2017.181.NV.NCHR 	| Finish, found 23 picks 	 | 11.909 sec
--------------NV.NCHR.2017-----------------
