--------------NV.2017-----------------
5 | 	master PID 1179287
5 | 	PID 1179400
5 | 	loaded templates (data/templates/sep2017_templates.tgz)
5 | 	total 3 days of data
Data is too short for day 167, skipping detection
Data is too short for day 168, skipping detection
Data is too short for day 169, skipping detection
--------------NV.2017-----------------
--------------NV.2017-----------------
5 | 	master PID 1179287
5 | 	PID 1179567
5 | 	loaded templates (data/templates/sep2017_templates.tgz)
5 | 	total 3 days of data
Data is too short for day 167, skipping detection
Data is too short for day 168, skipping detection
Data is too short for day 169, skipping detection
--------------NV.2017-----------------
--------------NV.2017-----------------
5 | 	master PID 1179287
5 | 	PID 1179635
