--------------NV.KEMO.2017-----------------
6 | 	master PID 2064919
6 | 	PID 2065456
6 | 	loaded model (PNW) to GPU:2
6 | 	total 10 days of data
6 | 	2017.172.NV.KEMO 	| Finish, found 1194 picks 	 | 11.293 sec
6 | 	2017.173.NV.KEMO 	| Error
6 | 	2017.174.NV.KEMO 	| Error
6 | 	2017.175.NV.KEMO 	| Skip: too many gaps
6 | 	2017.176.NV.KEMO 	| Finish, found 3454 picks 	 | 12.134 sec
6 | 	2017.177.NV.KEMO 	| Error
6 | 	2017.178.NV.KEMO 	| Error
6 | 	2017.179.NV.KEMO 	| Finish, found 3454 picks 	 | 10.590 sec
6 | 	2017.180.NV.KEMO 	| Error
6 | 	2017.181.NV.KEMO 	| Finish, found 3454 picks 	 | 8.555 sec
--------------NV.KEMO.2017-----------------
--------------NV.NCHR.2017-----------------
6 | 	master PID 2064919
6 | 	PID 2067979
6 | 	loaded model (PNW) to GPU:2
6 | 	total 3 days of data
6 | 	2017.152.NV.NCHR 	| Finish, found 3454 picks 	 | 11.974 sec
6 | 	2017.153.NV.NCHR 	| Finish, found 3454 picks 	 | 7.980 sec
6 | 	2017.154.NV.NCHR 	| Finish, found 3456 picks 	 | 15.793 sec
--------------NV.NCHR.2017-----------------
