--------------NV.2017-----------------
7 | 	master PID 1179289
7 | 	PID 1179402
7 | 	loaded templates (data/templates/sep2017_templates.tgz)
7 | 	total 3 days of data
Data is too short for day 173, skipping detection
Data is too short for day 174, skipping detection
Data is too short for day 175, skipping detection
--------------NV.2017-----------------
--------------NV.2017-----------------
7 | 	master PID 1179289
7 | 	PID 1179541
7 | 	loaded templates (data/templates/sep2017_templates.tgz)
7 | 	total 3 days of data
Data is too short for day 173, skipping detection
Data is too short for day 174, skipping detection
Data is too short for day 175, skipping detection
--------------NV.2017-----------------
--------------NV.2017-----------------
7 | 	master PID 1179289
7 | 	PID 1179621
7 | 	loaded templates (data/templates/sep2017_templates.tgz)
7 | 	total 3 days of data
